<?xml version="1.0" encoding="UTF-8"?>
<!-- Generated by org.testng.reporters.JUnitXMLReporter -->
<testsuite hostname="DESKTOP-PLTB7U0" name="LampAdd" tests="2" failures="1" timestamp="12 May 2020 10:16:09 GMT" time="71.48" errors="0">
  <testcase name="addLamp" time="47.792" classname="com.dywl.iot.testCase.Lamp.Success_Add_Test"/>
  <testcase name="addGprsLamp" time="12.673" classname="com.dywl.iot.testCase.Lamp.Success_Update_Test">
    <failure type="java.lang.AssertionError">
      <![CDATA[java.lang.AssertionError
	at org.junit.Assert.fail(Assert.java:92)
	at org.junit.Assert.assertTrue(Assert.java:43)
	at org.junit.Assert.assertFalse(Assert.java:68)
	at org.junit.Assert.assertFalse(Assert.java:79)
	at com.dywl.iot.testCase.Lamp.Success_Update_Test.addGprsLamp(Success_Update_Test.java:57)
... Removed 24 stack frames]]>
    </failure>
  </testcase> <!-- addGprsLamp -->
</testsuite> <!-- LampAdd -->
