{"name":"addRtu","status":"broken","statusDetails":{"known":false,"muted":false,"flaky":false,"message":"Timed out after 20 seconds waiting for com.dywl.iot.base.BaseTest$2@1ecee32c\nBuild info: version: '2.53.1', revision: 'a36b8b1cd5757287168e54b817830adce9b0158d', time: '2016-06-30 19:26:09'\nSystem info: host: 'DESKTOP-PLTB7U0', ip: '192.168.30.10', os.name: 'Windows 10', os.arch: 'amd64', os.version: '10.0', java.version: '1.8.0_121'\nDriver info: org.openqa.selenium.chrome.ChromeDriver\nCapabilities [{applicationCacheEnabled=false, rotatable=false, mobileEmulationEnabled=false, networkConnectionEnabled=false, chrome={chromedriverVersion=2.33.506120 (e3e53437346286c0bc2d2dc9aa4915ba81d9023f), userDataDir=C:\\Users\\asus\\AppData\\Local\\Temp\\scoped_dir12676_18628}, takesHeapSnapshot=true, pageLoadStrategy=normal, databaseEnabled=false, handlesAlerts=true, hasTouchScreen=false, version=60.0.3112.113, platform=XP, browserConnectionEnabled=false, nativeEvents=true, acceptSslCerts=true, locationContextEnabled=true, webStorageEnabled=true, browserName=chrome, takesScreenshot=true, javascriptEnabled=true, cssSelectorsEnabled=true, setWindowRect=true, unexpectedAlertBehaviour=}]\nSession ID: 748800fa66c09d77630e8a8824391c49","trace":"org.openqa.selenium.TimeoutException: Timed out after 20 seconds waiting for com.dywl.iot.base.BaseTest$2@1ecee32c\nBuild info: version: '2.53.1', revision: 'a36b8b1cd5757287168e54b817830adce9b0158d', time: '2016-06-30 19:26:09'\nSystem info: host: 'DESKTOP-PLTB7U0', ip: '192.168.30.10', os.name: 'Windows 10', os.arch: 'amd64', os.version: '10.0', java.version: '1.8.0_121'\nDriver info: org.openqa.selenium.chrome.ChromeDriver\nCapabilities [{applicationCacheEnabled=false, rotatable=false, mobileEmulationEnabled=false, networkConnectionEnabled=false, chrome={chromedriverVersion=2.33.506120 (e3e53437346286c0bc2d2dc9aa4915ba81d9023f), userDataDir=C:\\Users\\asus\\AppData\\Local\\Temp\\scoped_dir12676_18628}, takesHeapSnapshot=true, pageLoadStrategy=normal, databaseEnabled=false, handlesAlerts=true, hasTouchScreen=false, version=60.0.3112.113, platform=XP, browserConnectionEnabled=false, nativeEvents=true, acceptSslCerts=true, locationContextEnabled=true, webStorageEnabled=true, browserName=chrome, takesScreenshot=true, javascriptEnabled=true, cssSelectorsEnabled=true, setWindowRect=true, unexpectedAlertBehaviour=}]\nSession ID: 748800fa66c09d77630e8a8824391c49\r\n\tat org.openqa.selenium.support.ui.WebDriverWait.timeoutException(WebDriverWait.java:80)\r\n\tat org.openqa.selenium.support.ui.FluentWait.until(FluentWait.java:261)\r\n\tat com.dywl.iot.base.BaseTest.getElement(BaseTest.java:135)\r\n\tat com.dywl.iot.base.BaseTest.getElement(BaseTest.java:111)\r\n\tat com.dywl.iot.testCase.RTU.RTU_Add_Page.addRtu(RTU_Add_Page.java:19)\r\n\tat sun.reflect.NativeMethodAccessorImpl.invoke0(Native Method)\r\n\tat sun.reflect.NativeMethodAccessorImpl.invoke(Unknown Source)\r\n\tat sun.reflect.DelegatingMethodAccessorImpl.invoke(Unknown Source)\r\n\tat java.lang.reflect.Method.invoke(Unknown Source)\r\n\tat org.testng.internal.MethodInvocationHelper.invokeMethod(MethodInvocationHelper.java:85)\r\n\tat org.testng.internal.Invoker.invokeMethod(Invoker.java:639)\r\n\tat org.testng.internal.Invoker.invokeTestMethod(Invoker.java:821)\r\n\tat org.testng.internal.Invoker.invokeTestMethods(Invoker.java:1131)\r\n\tat org.testng.internal.TestMethodWorker.invokeTestMethods(TestMethodWorker.java:125)\r\n\tat org.testng.internal.TestMethodWorker.run(TestMethodWorker.java:108)\r\n\tat org.testng.TestRunner.privateRun(TestRunner.java:773)\r\n\tat org.testng.TestRunner.run(TestRunner.java:623)\r\n\tat org.testng.SuiteRunner.runTest(SuiteRunner.java:357)\r\n\tat org.testng.SuiteRunner.runSequentially(SuiteRunner.java:352)\r\n\tat org.testng.SuiteRunner.privateRun(SuiteRunner.java:310)\r\n\tat org.testng.SuiteRunner.run(SuiteRunner.java:259)\r\n\tat org.testng.SuiteRunnerWorker.runSuite(SuiteRunnerWorker.java:52)\r\n\tat org.testng.SuiteRunnerWorker.run(SuiteRunnerWorker.java:86)\r\n\tat org.testng.TestNG.runSuitesSequentially(TestNG.java:1185)\r\n\tat org.testng.TestNG.runSuitesLocally(TestNG.java:1110)\r\n\tat org.testng.TestNG.run(TestNG.java:1018)\r\n\tat org.testng.remote.RemoteTestNG.run(RemoteTestNG.java:111)\r\n\tat org.testng.remote.RemoteTestNG.initAndRun(RemoteTestNG.java:204)\r\n\tat org.testng.remote.RemoteTestNG.main(RemoteTestNG.java:175)\r\nCaused by: org.openqa.selenium.NoSuchElementException: no such element: Unable to locate element: {\"method\":\"css selector\",\"selector\":\"button[class='ant-btn ant-btn-add ant-btn-icon-only']\"}\n  (Session info: chrome=60.0.3112.113)\n  (Driver info: chromedriver=2.33.506120 (e3e53437346286c0bc2d2dc9aa4915ba81d9023f),platform=Windows NT 10.0.18362 x86_64) (WARNING: The server did not provide any stacktrace information)\nCommand duration or timeout: 14 milliseconds\nFor documentation on this error, please visit: http://seleniumhq.org/exceptions/no_such_element.html\nBuild info: version: '2.53.1', revision: 'a36b8b1cd5757287168e54b817830adce9b0158d', time: '2016-06-30 19:26:09'\nSystem info: host: 'DESKTOP-PLTB7U0', ip: '192.168.30.10', os.name: 'Windows 10', os.arch: 'amd64', os.version: '10.0', java.version: '1.8.0_121'\nDriver info: org.openqa.selenium.chrome.ChromeDriver\nCapabilities [{applicationCacheEnabled=false, rotatable=false, mobileEmulationEnabled=false, networkConnectionEnabled=false, chrome={chromedriverVersion=2.33.506120 (e3e53437346286c0bc2d2dc9aa4915ba81d9023f), userDataDir=C:\\Users\\asus\\AppData\\Local\\Temp\\scoped_dir12676_18628}, takesHeapSnapshot=true, pageLoadStrategy=normal, databaseEnabled=false, handlesAlerts=true, hasTouchScreen=false, version=60.0.3112.113, platform=XP, browserConnectionEnabled=false, nativeEvents=true, acceptSslCerts=true, locationContextEnabled=true, webStorageEnabled=true, browserName=chrome, takesScreenshot=true, javascriptEnabled=true, cssSelectorsEnabled=true, setWindowRect=true, unexpectedAlertBehaviour=}]\nSession ID: 748800fa66c09d77630e8a8824391c49\n*** Element info: {Using=css selector, value=button[class='ant-btn ant-btn-add ant-btn-icon-only']}\r\n\tat sun.reflect.GeneratedConstructorAccessor13.newInstance(Unknown Source)\r\n\tat sun.reflect.DelegatingConstructorAccessorImpl.newInstance(Unknown Source)\r\n\tat java.lang.reflect.Constructor.newInstance(Unknown Source)\r\n\tat org.openqa.selenium.remote.ErrorHandler.createThrowable(ErrorHandler.java:206)\r\n\tat org.openqa.selenium.remote.ErrorHandler.throwIfResponseFailed(ErrorHandler.java:158)\r\n\tat org.openqa.selenium.remote.RemoteWebDriver.execute(RemoteWebDriver.java:678)\r\n\tat org.openqa.selenium.remote.RemoteWebDriver.findElement(RemoteWebDriver.java:363)\r\n\tat org.openqa.selenium.remote.RemoteWebDriver.findElementByCssSelector(RemoteWebDriver.java:492)\r\n\tat org.openqa.selenium.By$ByCssSelector.findElement(By.java:430)\r\n\tat org.openqa.selenium.remote.RemoteWebDriver.findElement(RemoteWebDriver.java:355)\r\n\tat com.dywl.iot.base.BaseTest$2.apply(BaseTest.java:183)\r\n\tat com.dywl.iot.base.BaseTest$2.apply(BaseTest.java:1)\r\n\tat org.openqa.selenium.support.ui.FluentWait.until(FluentWait.java:238)\r\n\t... 27 more\r\n"},"stage":"finished","steps":[],"attachments":[],"parameters":[{"name":"driverPath","value":"src/test/resources/2.53.1/chromedriver.exe"},{"name":"seleniumVersion","value":"2.X"},{"name":"browserType","value":"chrome"}],"start":1584415447532,"stop":1584415478122,"uuid":"0df0b2d7-f659-4e25-8c24-771e1c8851d4","historyId":"a50fb34b6daa0db92d1a93f6bc7f8ddc","fullName":"com.dywl.iot.testCase.RTU.RTU_Add_Page.addRtu","labels":[{"name":"package","value":"com.dywl.iot.testCase.RTU.RTU_Add_Page"},{"name":"testClass","value":"com.dywl.iot.testCase.RTU.RTU_Add_Page"},{"name":"testMethod","value":"addRtu"},{"name":"parentSuite","value":"Suite"},{"name":"suite","value":"RTU"},{"name":"subSuite","value":"com.dywl.iot.testCase.RTU.RTU_Add_Page"},{"name":"host","value":"DESKTOP-PLTB7U0"},{"name":"thread","value":"7056@DESKTOP-PLTB7U0.main(1)"}],"links":[]}